<?xml version="1.0" encoding="UTF-8"?>
<!-- Generated by org.testng.reporters.JUnitReportReporter -->
<testsuite hostname="kishore" failures="0" tests="1" name="tests.FirstTest" time="17.148" errors="0" timestamp="2021-12-21T15:39:53 IST" skipped="0">
  <testcase classname="tests.FirstTest" name="f" time="17.148"/>
  <system-out/>
</testsuite> <!-- tests.FirstTest -->
